<?xml version="1.0" encoding="UTF-8"?>
<!-- Generated by org.testng.reporters.JUnitReportReporter -->
<testsuite hostname="ANKIT-SYS" failures="0" tests="4" name="test1.Pracc" time="0.012" errors="0" timestamp="31 Jan 2025 16:15:46 GMT" skipped="0">
  <testcase classname="test1.Pracc" name="m2" time="0.007"/>
  <testcase classname="test1.Pracc" name="m12" time="0.002"/>
  <testcase classname="test1.Pracc" name="m1" time="0.001"/>
  <testcase classname="test1.Pracc" name="m1" time="0.002"/>
</testsuite> <!-- test1.Pracc -->
