<?xml version="1.0" encoding="UTF-8"?>
<!-- Generated by org.testng.reporters.JUnitReportReporter -->
<testsuite hostname="ANKIT-SYS" failures="0" tests="1" name="test1.Practice1" time="6.889" errors="0" timestamp="30 Jan 2025 14:20:31 GMT" skipped="0">
  <testcase classname="test1.Practice1" name="a" time="6.889"/>
</testsuite> <!-- test1.Practice1 -->
